<?xml version="1.0" encoding="UTF-8" ?>
<testsuite tests="5" failures="0" name="TestSuite" time="49.886" errors="0" skipped="0">
  <properties>
[...]
</properties>
  <testcase classname="TestCase" name="trayTitle" time="21.838"/>
  <testcase classname="TestCase" name="login" time="3.192"/>
  <testcase classname="TestCase" name="HomePageValidityOnLogin" time="3.999"/>
  <testcase classname="TestCase" name="loginTray" time="20.702"/>
  <testcase classname="TestCase" name="comparision" time="0.001"/>
</testsuite>